<?xml version="1.0" encoding="UTF-8"?>
<testng-results ignored="0" total="2" passed="2" failed="0" skipped="0">
  <reporter-output>
  </reporter-output>
  <suite started-at="2022-05-03T17:58:59 IST" name="TestLogin" finished-at="2022-05-03T17:58:59 IST" duration-ms="47">
    <groups>
    </groups>
    <test started-at="2022-05-03T17:58:59 IST" name="Command line test" finished-at="2022-05-03T17:58:59 IST" duration-ms="47">
      <class name="TestLogin">
        <test-method signature="verifyInvalidLogin()[pri:0, instance:TestLogin@1188e820]" started-at="2022-05-03T17:58:59 IST" name="verifyInvalidLogin" finished-at="2022-05-03T17:58:59 IST" duration-ms="15" status="PASS">
          <reporter-output>
          </reporter-output>
        </test-method> <!-- verifyInvalidLogin -->
        <test-method signature="verifyValidLoginIT()[pri:0, instance:TestLogin@1188e820]" started-at="2022-05-03T17:58:59 IST" name="verifyValidLoginIT" finished-at="2022-05-03T17:58:59 IST" duration-ms="0" status="PASS">
          <reporter-output>
          </reporter-output>
        </test-method> <!-- verifyValidLoginIT -->
      </class> <!-- TestLogin -->
    </test> <!-- Command line test -->
  </suite> <!-- TestLogin -->
</testng-results>
